C51 COMPILER V9.57.0.0   BEHAVIOR                                                          08/19/2019 19:14:27 PAGE 1   


C51 COMPILER V9.57.0.0, COMPILATION OF MODULE BEHAVIOR
OBJECT MODULE PLACED IN .\Objects\behavior.obj
COMPILER INVOKED BY: C:\Keil_v5\C51\BIN\C51.EXE ..\common\behavior.c OPTIMIZE(8,SPEED) BROWSE DEBUG OBJECTEXTEND PRINT(.
                    -\Listings\behavior.lst) TABS(2) OBJECT(.\Objects\behavior.obj)

line level    source

   1          #include "behavior.h"
   2          #include "hal.h"
   3          
   4          void behavior(){
   5   1        InitHAL();
   6   1        for(;;){
   7   2          LED(TRUE);      // Acende LED
   8   2          Pausa500ms();   // Pausa 0,5s
   9   2              Pausa500ms();   // Pausa 0,5s
  10   2              LED(FALSE);     // Apaga LED
  11   2          Pausa500ms();   // Pausa 0,5s
  12   2        }
  13   1      }


MODULE INFORMATION:   STATIC OVERLAYABLE
   CODE SIZE        =     24    ----
   CONSTANT SIZE    =   ----    ----
   XDATA SIZE       =   ----    ----
   PDATA SIZE       =   ----    ----
   DATA SIZE        =   ----    ----
   IDATA SIZE       =   ----    ----
   BIT SIZE         =   ----    ----
END OF MODULE INFORMATION.


C51 COMPILATION COMPLETE.  0 WARNING(S),  0 ERROR(S)
